<?xml version="1.0" encoding="UTF-8"?>
<testng-results ignored="0" total="3" passed="3" failed="0" skipped="0">
  <reporter-output>
  </reporter-output>
  <suite started-at="2024-05-31T23:19:56 IST" name="Default suite" finished-at="2024-05-31T23:19:57 IST" duration-ms="868">
    <groups>
    </groups>
    <test started-at="2024-05-31T23:19:56 IST" name="Default test" finished-at="2024-05-31T23:19:57 IST" duration-ms="868">
      <class name="testNG.DataProvider_2">
        <test-method signature="getDataDemo(java.lang.String,java.lang.String)[pri:0, instance:testNG.DataProvider_2@1b7cc17c]" started-at="2024-05-31T23:19:57 IST" name="getDataDemo" data-provider="getData" finished-at="2024-05-31T23:19:57 IST" duration-ms="9" status="PASS">
          <params>
            <param index="0">
              <value is-null="true"/>
            </param>
            <param index="1">
              <value is-null="true"/>
            </param>
          </params>
          <reporter-output>
          </reporter-output>
        </test-method> <!-- getDataDemo -->
        <test-method signature="getDataDemo(java.lang.String,java.lang.String)[pri:0, instance:testNG.DataProvider_2@1b7cc17c]" started-at="2024-05-31T23:19:57 IST" name="getDataDemo" data-provider="getData" finished-at="2024-05-31T23:19:57 IST" duration-ms="2" status="PASS">
          <params>
            <param index="0">
              <value>
                <![CDATA[Samsung]]>
              </value>
            </param>
            <param index="1">
              <value>
                <![CDATA[A50]]>
              </value>
            </param>
          </params>
          <reporter-output>
          </reporter-output>
        </test-method> <!-- getDataDemo -->
        <test-method signature="getDataDemo(java.lang.String,java.lang.String)[pri:0, instance:testNG.DataProvider_2@1b7cc17c]" started-at="2024-05-31T23:19:57 IST" name="getDataDemo" data-provider="getData" finished-at="2024-05-31T23:19:57 IST" duration-ms="2" status="PASS">
          <params>
            <param index="0">
              <value>
                <![CDATA[Redmi]]>
              </value>
            </param>
            <param index="1">
              <value>
                <![CDATA[Note15]]>
              </value>
            </param>
          </params>
          <reporter-output>
          </reporter-output>
        </test-method> <!-- getDataDemo -->
      </class> <!-- testNG.DataProvider_2 -->
    </test> <!-- Default test -->
  </suite> <!-- Default suite -->
</testng-results>
